  File "/Users/imac/.openclaw/workspace/symbiosis-memory-system/daemon.py", line 54
    logger.error(f❌ 启动失败: {e}")
                  ^
SyntaxError: invalid character '❌' (U+274C)
  File "/Users/imac/.openclaw/workspace/symbiosis-memory-system/daemon.py", line 54
    logger.error(f❌ 启动失败: {e}")
                  ^
SyntaxError: invalid character '❌' (U+274C)
  File "/Users/imac/.openclaw/workspace/symbiosis-memory-system/daemon.py", line 54
    logger.error(f❌ 启动失败: {e}")
                  ^
SyntaxError: invalid character '❌' (U+274C)
2026-02-13 04:17:41,370 - INFO - ============================================================
2026-02-13 04:17:41,370 - INFO - ============================================================
2026-02-13 04:17:41,371 - INFO - 🧠 共生记忆系统 V3 守护进程启动
2026-02-13 04:17:41,371 - INFO - 🧠 共生记忆系统 V3 守护进程启动
2026-02-13 04:17:41,371 - INFO - 📅 启动时间: 2026-02-13T04:17:41.371279
2026-02-13 04:17:41,371 - INFO - 📅 启动时间: 2026-02-13T04:17:41.371279
2026-02-13 04:17:41,371 - INFO - ============================================================
2026-02-13 04:17:41,371 - INFO - ============================================================
2026-02-13 04:17:41,408 - INFO - 🚀 启动共生记忆系统...
2026-02-13 04:17:41,408 - INFO - 🚀 启动共生记忆系统...
2026-02-13 04:17:41,410 - INFO - ✅ 共生记忆系统启动成功
2026-02-13 04:17:41,410 - INFO - ✅ 共生记忆系统启动成功
2026-02-13 04:17:43,334 - INFO - ============================================================
2026-02-13 04:17:43,334 - INFO - 🧠 共生记忆系统 V3 守护进程启动
2026-02-13 04:17:43,334 - INFO - 📅 启动时间: 2026-02-13T04:17:43.334453
2026-02-13 04:17:43,334 - INFO - ============================================================
2026-02-13 04:17:43,361 - INFO - 🚀 启动共生记忆系统...
2026-02-13 04:17:43,364 - INFO - ✅ 共生记忆系统启动成功
2026-02-13 04:18:11,481 - ERROR - 健康检查失败: 'PersistenceService' object has no attribute 'check_connection'
2026-02-13 04:18:11,481 - ERROR - 健康检查失败: 'PersistenceService' object has no attribute 'check_connection'
2026-02-13 04:18:11,481 - WARNING - ⚠️ 健康检查失败，尝试恢复...
2026-02-13 04:18:11,481 - WARNING - ⚠️ 健康检查失败，尝试恢复...
2026-02-13 04:18:13,438 - ERROR - 健康检查失败: 'PersistenceService' object has no attribute 'check_connection'
2026-02-13 04:18:13,438 - WARNING - ⚠️ 健康检查失败，尝试恢复...
2026-02-13 04:18:16,555 - INFO - 🚀 启动共生记忆系统...
2026-02-13 04:18:16,555 - INFO - 🚀 启动共生记忆系统...
2026-02-13 04:18:16,556 - INFO - ✅ 共生记忆系统启动成功
2026-02-13 04:18:16,556 - INFO - ✅ 共生记忆系统启动成功
2026-02-13 04:18:18,512 - INFO - 🚀 启动共生记忆系统...
2026-02-13 04:18:18,513 - INFO - ✅ 共生记忆系统启动成功
2026-02-13 04:18:46,556 - ERROR - 健康检查失败: 'PersistenceService' object has no attribute 'check_connection'
2026-02-13 04:18:46,556 - ERROR - 健康检查失败: 'PersistenceService' object has no attribute 'check_connection'
2026-02-13 04:18:46,556 - WARNING - ⚠️ 健康检查失败，尝试恢复...
2026-02-13 04:18:46,556 - WARNING - ⚠️ 健康检查失败，尝试恢复...
2026-02-13 04:18:48,586 - ERROR - 健康检查失败: 'PersistenceService' object has no attribute 'check_connection'
2026-02-13 04:18:48,587 - WARNING - ⚠️ 健康检查失败，尝试恢复...
2026-02-13 04:18:51,557 - INFO - 🚀 启动共生记忆系统...
2026-02-13 04:18:51,557 - INFO - 🚀 启动共生记忆系统...
2026-02-13 04:18:51,558 - INFO - ✅ 共生记忆系统启动成功
2026-02-13 04:18:51,558 - INFO - ✅ 共生记忆系统启动成功
2026-02-13 04:18:53,661 - INFO - 🚀 启动共生记忆系统...
2026-02-13 04:18:53,662 - INFO - ✅ 共生记忆系统启动成功
2026-02-13 04:19:03,378 - INFO - ============================================================
2026-02-13 04:19:03,378 - INFO - ============================================================
2026-02-13 04:19:03,378 - INFO - 🧠 共生记忆系统 V3 守护进程启动
2026-02-13 04:19:03,378 - INFO - 🧠 共生记忆系统 V3 守护进程启动
2026-02-13 04:19:03,378 - INFO - 📅 启动时间: 2026-02-13T04:19:03.378799
2026-02-13 04:19:03,378 - INFO - 📅 启动时间: 2026-02-13T04:19:03.378799
2026-02-13 04:19:03,378 - INFO - ============================================================
2026-02-13 04:19:03,378 - INFO - ============================================================
2026-02-13 04:19:03,407 - INFO - 🚀 启动共生记忆系统...
2026-02-13 04:19:03,407 - INFO - 🚀 启动共生记忆系统...
2026-02-13 04:19:03,408 - INFO - ✅ 共生记忆系统启动成功
2026-02-13 04:19:03,408 - INFO - ✅ 共生记忆系统启动成功
2026-02-13 04:19:33,408 - ERROR - 健康检查失败: PersistenceService.get_all_sessions() got an unexpected keyword argument 'limit'
2026-02-13 04:19:33,408 - ERROR - 健康检查失败: PersistenceService.get_all_sessions() got an unexpected keyword argument 'limit'
2026-02-13 04:19:33,408 - WARNING - ⚠️ 健康检查失败，尝试恢复...
2026-02-13 04:19:33,408 - WARNING - ⚠️ 健康检查失败，尝试恢复...
2026-02-13 04:19:38,482 - INFO - 🚀 启动共生记忆系统...
2026-02-13 04:19:38,482 - INFO - 🚀 启动共生记忆系统...
2026-02-13 04:19:38,484 - INFO - ✅ 共生记忆系统启动成功
2026-02-13 04:19:38,484 - INFO - ✅ 共生记忆系统启动成功
2026-02-13 04:20:08,558 - ERROR - 健康检查失败: PersistenceService.get_all_sessions() got an unexpected keyword argument 'limit'
2026-02-13 04:20:08,558 - ERROR - 健康检查失败: PersistenceService.get_all_sessions() got an unexpected keyword argument 'limit'
2026-02-13 04:20:08,558 - WARNING - ⚠️ 健康检查失败，尝试恢复...
2026-02-13 04:20:08,558 - WARNING - ⚠️ 健康检查失败，尝试恢复...
2026-02-13 04:20:13,592 - INFO - 🚀 启动共生记忆系统...
2026-02-13 04:20:13,592 - INFO - 🚀 启动共生记忆系统...
2026-02-13 04:20:13,593 - INFO - ✅ 共生记忆系统启动成功
2026-02-13 04:20:13,593 - INFO - ✅ 共生记忆系统启动成功
2026-02-13 04:20:43,617 - ERROR - 健康检查失败: PersistenceService.get_all_sessions() got an unexpected keyword argument 'limit'
2026-02-13 04:20:43,617 - ERROR - 健康检查失败: PersistenceService.get_all_sessions() got an unexpected keyword argument 'limit'
2026-02-13 04:20:43,617 - WARNING - ⚠️ 健康检查失败，尝试恢复...
2026-02-13 04:20:43,617 - WARNING - ⚠️ 健康检查失败，尝试恢复...
2026-02-13 04:20:48,692 - INFO - 🚀 启动共生记忆系统...
2026-02-13 04:20:48,692 - INFO - 🚀 启动共生记忆系统...
2026-02-13 04:20:48,694 - INFO - ✅ 共生记忆系统启动成功
2026-02-13 04:20:48,694 - INFO - ✅ 共生记忆系统启动成功
2026-02-13 04:21:18,767 - ERROR - 健康检查失败: PersistenceService.get_all_sessions() got an unexpected keyword argument 'limit'
2026-02-13 04:21:18,767 - ERROR - 健康检查失败: PersistenceService.get_all_sessions() got an unexpected keyword argument 'limit'
2026-02-13 04:21:18,767 - WARNING - ⚠️ 健康检查失败，尝试恢复...
2026-02-13 04:21:18,767 - WARNING - ⚠️ 健康检查失败，尝试恢复...
2026-02-13 04:21:23,841 - INFO - 🚀 启动共生记忆系统...
2026-02-13 04:21:23,841 - INFO - 🚀 启动共生记忆系统...
2026-02-13 04:21:23,842 - INFO - ✅ 共生记忆系统启动成功
2026-02-13 04:21:23,842 - INFO - ✅ 共生记忆系统启动成功
2026-02-13 04:21:53,917 - ERROR - 健康检查失败: PersistenceService.get_all_sessions() got an unexpected keyword argument 'limit'
2026-02-13 04:21:53,917 - ERROR - 健康检查失败: PersistenceService.get_all_sessions() got an unexpected keyword argument 'limit'
2026-02-13 04:21:53,917 - WARNING - ⚠️ 健康检查失败，尝试恢复...
2026-02-13 04:21:53,917 - WARNING - ⚠️ 健康检查失败，尝试恢复...
2026-02-13 04:21:59,065 - INFO - 🚀 启动共生记忆系统...
2026-02-13 04:21:59,065 - INFO - 🚀 启动共生记忆系统...
2026-02-13 04:21:59,068 - INFO - ✅ 共生记忆系统启动成功
2026-02-13 04:21:59,068 - INFO - ✅ 共生记忆系统启动成功
2026-02-13 04:22:29,215 - ERROR - 健康检查失败: PersistenceService.get_all_sessions() got an unexpected keyword argument 'limit'
2026-02-13 04:22:29,215 - ERROR - 健康检查失败: PersistenceService.get_all_sessions() got an unexpected keyword argument 'limit'
2026-02-13 04:22:29,216 - WARNING - ⚠️ 健康检查失败，尝试恢复...
2026-02-13 04:22:29,216 - WARNING - ⚠️ 健康检查失败，尝试恢复...
2026-02-13 04:22:34,364 - INFO - 🚀 启动共生记忆系统...
2026-02-13 04:22:34,364 - INFO - 🚀 启动共生记忆系统...
2026-02-13 04:22:34,366 - INFO - ✅ 共生记忆系统启动成功
2026-02-13 04:22:34,366 - INFO - ✅ 共生记忆系统启动成功
2026-02-13 04:23:04,515 - ERROR - 健康检查失败: PersistenceService.get_all_sessions() got an unexpected keyword argument 'limit'
2026-02-13 04:23:04,515 - ERROR - 健康检查失败: PersistenceService.get_all_sessions() got an unexpected keyword argument 'limit'
2026-02-13 04:23:04,516 - WARNING - ⚠️ 健康检查失败，尝试恢复...
2026-02-13 04:23:04,516 - WARNING - ⚠️ 健康检查失败，尝试恢复...
2026-02-13 04:23:09,665 - INFO - 🚀 启动共生记忆系统...
2026-02-13 04:23:09,665 - INFO - 🚀 启动共生记忆系统...
2026-02-13 04:23:09,667 - INFO - ✅ 共生记忆系统启动成功
2026-02-13 04:23:09,667 - INFO - ✅ 共生记忆系统启动成功
2026-02-13 04:23:39,815 - ERROR - 健康检查失败: PersistenceService.get_all_sessions() got an unexpected keyword argument 'limit'
2026-02-13 04:23:39,815 - ERROR - 健康检查失败: PersistenceService.get_all_sessions() got an unexpected keyword argument 'limit'
2026-02-13 04:23:39,821 - WARNING - ⚠️ 健康检查失败，尝试恢复...
2026-02-13 04:23:39,821 - WARNING - ⚠️ 健康检查失败，尝试恢复...
2026-02-13 04:23:44,821 - INFO - 🚀 启动共生记忆系统...
2026-02-13 04:23:44,821 - INFO - 🚀 启动共生记忆系统...
2026-02-13 04:23:44,822 - INFO - ✅ 共生记忆系统启动成功
2026-02-13 04:23:44,822 - INFO - ✅ 共生记忆系统启动成功
2026-02-13 04:24:14,970 - ERROR - 健康检查失败: PersistenceService.get_all_sessions() got an unexpected keyword argument 'limit'
2026-02-13 04:24:14,970 - ERROR - 健康检查失败: PersistenceService.get_all_sessions() got an unexpected keyword argument 'limit'
2026-02-13 04:24:14,971 - WARNING - ⚠️ 健康检查失败，尝试恢复...
2026-02-13 04:24:14,971 - WARNING - ⚠️ 健康检查失败，尝试恢复...
2026-02-13 04:24:20,121 - INFO - 🚀 启动共生记忆系统...
2026-02-13 04:24:20,121 - INFO - 🚀 启动共生记忆系统...
2026-02-13 04:24:20,122 - INFO - ✅ 共生记忆系统启动成功
2026-02-13 04:24:20,122 - INFO - ✅ 共生记忆系统启动成功
2026-02-13 04:24:50,267 - ERROR - 健康检查失败: PersistenceService.get_all_sessions() got an unexpected keyword argument 'limit'
2026-02-13 04:24:50,267 - ERROR - 健康检查失败: PersistenceService.get_all_sessions() got an unexpected keyword argument 'limit'
2026-02-13 04:24:50,267 - WARNING - ⚠️ 健康检查失败，尝试恢复...
2026-02-13 04:24:50,267 - WARNING - ⚠️ 健康检查失败，尝试恢复...
2026-02-13 04:24:55,416 - INFO - 🚀 启动共生记忆系统...
2026-02-13 04:24:55,416 - INFO - 🚀 启动共生记忆系统...
2026-02-13 04:24:55,418 - INFO - ✅ 共生记忆系统启动成功
2026-02-13 04:24:55,418 - INFO - ✅ 共生记忆系统启动成功
2026-02-13 04:25:25,567 - ERROR - 健康检查失败: PersistenceService.get_all_sessions() got an unexpected keyword argument 'limit'
2026-02-13 04:25:25,567 - ERROR - 健康检查失败: PersistenceService.get_all_sessions() got an unexpected keyword argument 'limit'
2026-02-13 04:25:25,567 - WARNING - ⚠️ 健康检查失败，尝试恢复...
2026-02-13 04:25:25,567 - WARNING - ⚠️ 健康检查失败，尝试恢复...
2026-02-13 04:25:30,717 - INFO - 🚀 启动共生记忆系统...
2026-02-13 04:25:30,717 - INFO - 🚀 启动共生记忆系统...
2026-02-13 04:25:30,718 - INFO - ✅ 共生记忆系统启动成功
2026-02-13 04:25:30,718 - INFO - ✅ 共生记忆系统启动成功
2026-02-13 04:25:45,707 - INFO - ============================================================
2026-02-13 04:25:45,707 - INFO - 🧠 共生记忆系统 V3 守护进程启动
2026-02-13 04:25:45,707 - INFO - 📅 启动时间: 2026-02-13T04:25:45.707871
2026-02-13 04:25:45,707 - INFO - ============================================================
2026-02-13 04:25:45,777 - INFO - 🚀 启动共生记忆系统...
2026-02-13 04:25:45,779 - INFO - ✅ 共生记忆系统启动成功
2026-02-13 04:26:15,929 - ERROR - 健康检查失败: no such table: sessions
2026-02-13 04:26:15,929 - WARNING - ⚠️ 健康检查失败，尝试恢复...
2026-02-13 04:26:21,080 - INFO - 🚀 启动共生记忆系统...
2026-02-13 04:26:21,081 - INFO - ✅ 共生记忆系统启动成功
2026-02-13 04:26:51,230 - ERROR - 健康检查失败: no such table: sessions
2026-02-13 04:26:51,230 - WARNING - ⚠️ 健康检查失败，尝试恢复...
2026-02-13 04:26:56,380 - INFO - 🚀 启动共生记忆系统...
2026-02-13 04:26:56,382 - INFO - ✅ 共生记忆系统启动成功
2026-02-13 04:27:26,530 - ERROR - 健康检查失败: no such table: sessions
2026-02-13 04:27:26,530 - WARNING - ⚠️ 健康检查失败，尝试恢复...
2026-02-13 04:27:31,679 - INFO - 🚀 启动共生记忆系统...
2026-02-13 04:27:31,681 - INFO - ✅ 共生记忆系统启动成功
2026-02-13 04:28:01,828 - ERROR - 健康检查失败: no such table: sessions
2026-02-13 04:28:01,828 - WARNING - ⚠️ 健康检查失败，尝试恢复...
2026-02-13 04:28:06,977 - INFO - 🚀 启动共生记忆系统...
2026-02-13 04:28:06,978 - INFO - ✅ 共生记忆系统启动成功
2026-02-13 04:28:37,128 - ERROR - 健康检查失败: no such table: sessions
2026-02-13 04:28:37,129 - WARNING - ⚠️ 健康检查失败，尝试恢复...
2026-02-13 04:28:42,275 - INFO - 🚀 启动共生记忆系统...
2026-02-13 04:28:42,276 - INFO - ✅ 共生记忆系统启动成功
2026-02-13 04:29:12,426 - ERROR - 健康检查失败: no such table: sessions
2026-02-13 04:29:12,426 - WARNING - ⚠️ 健康检查失败，尝试恢复...
2026-02-13 04:29:17,576 - INFO - 🚀 启动共生记忆系统...
2026-02-13 04:29:17,577 - INFO - ✅ 共生记忆系统启动成功
2026-02-13 04:29:47,727 - ERROR - 健康检查失败: no such table: sessions
2026-02-13 04:29:47,728 - WARNING - ⚠️ 健康检查失败，尝试恢复...
2026-02-13 04:29:52,874 - INFO - 🚀 启动共生记忆系统...
2026-02-13 04:29:52,875 - INFO - ✅ 共生记忆系统启动成功
2026-02-13 04:30:23,024 - ERROR - 健康检查失败: no such table: sessions
2026-02-13 04:30:23,024 - WARNING - ⚠️ 健康检查失败，尝试恢复...
2026-02-13 04:30:28,172 - INFO - 🚀 启动共生记忆系统...
2026-02-13 04:30:28,174 - INFO - ✅ 共生记忆系统启动成功
2026-02-13 04:30:58,323 - ERROR - 健康检查失败: no such table: sessions
2026-02-13 04:30:58,324 - WARNING - ⚠️ 健康检查失败，尝试恢复...
2026-02-13 04:31:03,331 - INFO - 🚀 启动共生记忆系统...
2026-02-13 04:31:03,333 - INFO - ✅ 共生记忆系统启动成功
2026-02-13 04:31:33,481 - ERROR - 健康检查失败: no such table: sessions
2026-02-13 04:31:33,481 - WARNING - ⚠️ 健康检查失败，尝试恢复...
2026-02-13 04:31:38,631 - INFO - 🚀 启动共生记忆系统...
2026-02-13 04:31:38,632 - INFO - ✅ 共生记忆系统启动成功
2026-02-13 04:32:08,780 - ERROR - 健康检查失败: no such table: sessions
2026-02-13 04:32:08,780 - WARNING - ⚠️ 健康检查失败，尝试恢复...
2026-02-13 04:32:13,928 - INFO - 🚀 启动共生记忆系统...
2026-02-13 04:32:13,930 - INFO - ✅ 共生记忆系统启动成功
2026-02-13 04:32:44,078 - ERROR - 健康检查失败: no such table: sessions
2026-02-13 04:32:44,079 - WARNING - ⚠️ 健康检查失败，尝试恢复...
2026-02-13 04:32:49,226 - INFO - 🚀 启动共生记忆系统...
2026-02-13 04:32:49,228 - INFO - ✅ 共生记忆系统启动成功
2026-02-13 04:33:19,377 - ERROR - 健康检查失败: no such table: sessions
2026-02-13 04:33:19,380 - WARNING - ⚠️ 健康检查失败，尝试恢复...
2026-02-13 04:33:24,527 - INFO - 🚀 启动共生记忆系统...
2026-02-13 04:33:24,529 - INFO - ✅ 共生记忆系统启动成功
2026-02-13 04:33:54,529 - ERROR - 健康检查失败: no such table: sessions
2026-02-13 04:33:54,529 - WARNING - ⚠️ 健康检查失败，尝试恢复...
2026-02-13 04:33:59,676 - INFO - 🚀 启动共生记忆系统...
2026-02-13 04:33:59,677 - INFO - ✅ 共生记忆系统启动成功
2026-02-13 04:34:29,678 - ERROR - 健康检查失败: no such table: sessions
2026-02-13 04:34:29,679 - WARNING - ⚠️ 健康检查失败，尝试恢复...
2026-02-13 04:34:34,826 - INFO - 🚀 启动共生记忆系统...
2026-02-13 04:34:34,827 - INFO - ✅ 共生记忆系统启动成功
2026-02-13 04:35:04,976 - ERROR - 健康检查失败: no such table: sessions
2026-02-13 04:35:04,977 - WARNING - ⚠️ 健康检查失败，尝试恢复...
2026-02-13 04:35:10,125 - INFO - 🚀 启动共生记忆系统...
2026-02-13 04:35:10,127 - INFO - ✅ 共生记忆系统启动成功
